%!Adobe-FontList 1.20
%Locale:0x409

%BeginFont
Handler:DirectoryHandler
FontType:TrueType
FontName:CenturyGothic
FamilyName:Century Gothic
StyleName:Regular
FullName:Century Gothic
MenuName:Century Gothic
StyleBits:0
WritingScript:Roman
OutlineFileName:D:\Desktop\website draft Folder\Document fonts\GOTHIC.TTF
DataFormat:sfntData
hasSVG:no
VariableFontType:NonVariableFont
FileLength:137568
FileModTime:1438255672
WeightClass:400
WidthClass:5
AngleClass:0
NameArray:0,Mac,4,Century Gothic
NameArray:0,Win,1,Century Gothic
%EndFont

%BeginFont
Handler:DirectoryHandler
FontType:TrueType
FontName:CenturyGothic-Bold
FamilyName:Century Gothic
StyleName:Bold
FullName:Century Gothic Bold
MenuName:Century Gothic
StyleBits:2
WritingScript:Roman
OutlineFileName:D:\Desktop\website draft Folder\Document fonts\GOTHICB.TTF
DataFormat:sfntData
hasSVG:no
VariableFontType:NonVariableFont
FileLength:129676
FileModTime:1438255672
WeightClass:700
WidthClass:5
AngleClass:0
NameArray:0,Mac,4,Century Gothic Bold
NameArray:0,Win,1,Century Gothic
%EndFont

%BeginFont
Handler:DirectoryHandler
FontType:TrueType
FontName:CenturyGothic-BoldItalic
FamilyName:Century Gothic
StyleName:Bold Italic
FullName:Century Gothic Bold Italic
MenuName:Century Gothic
StyleBits:3
WritingScript:Roman
OutlineFileName:D:\Desktop\website draft Folder\Document fonts\GOTHICBI.TTF
DataFormat:sfntData
hasSVG:no
VariableFontType:NonVariableFont
FileLength:139084
FileModTime:1438255672
WeightClass:700
WidthClass:5
AngleClass:1
NameArray:0,Mac,4,Century Gothic Bold Italic
NameArray:0,Win,1,Century Gothic
%EndFont

%BeginFont
Handler:DirectoryHandler
FontType:TrueType
FontName:TimesNewRomanPSMT
FamilyName:Times New Roman
StyleName:Regular
FullName:Times New Roman
MenuName:Times New Roman
StyleBits:0
WritingScript:Roman
OutlineFileName:D:\Desktop\website draft Folder\Document fonts\times.ttf
DataFormat:sfntData
hasSVG:no
VariableFontType:NonVariableFont
FileLength:1195688
FileModTime:1523489648
WeightClass:400
WidthClass:5
AngleClass:0
NameArray:0,Mac,4,Times New Roman
NameArray:0,Win,1,Times New Roman
%EndFont

